
========================================
[EMAIL SENT]
Timestamp: 2026-06-13T19:25:20.904Z
To: martha@email.com
Subject: Verify Your FlowMart Account (Resent OTP)
Body:
Hello Adeyemi Olusola,

Your new 6-digit verification code is: 865143

This code will expire in 1 hour.

Best regards,
The FlowMart Team
========================================

========================================
[EMAIL SENT]
Timestamp: 2026-06-13T19:46:46.473Z
To: martha@email.com
Subject: Verify Your FlowMart Account (Resent OTP)
Body:
Hello Adeyemi Olusola,

Your new 6-digit verification code is: 373868

This code will expire in 1 hour.

Best regards,
The FlowMart Team
========================================

========================================
[EMAIL SENT]
Timestamp: 2026-06-14T12:49:57.104Z
To: olusolaadeyemi@email.com
Subject: Verify Your FlowMart Account
Body:
Hello Adeyemi Olusola,

Your 6-digit verification code is: 465922

This code will expire in 1 hour.

Best regards,
The FlowMart Team
========================================

========================================
[EMAIL SENT]
Timestamp: 2026-06-16T20:05:25.397Z
To: olusolaadeyemi@email.com
Subject: Your FlowMart Vendor Application is Approved!
Body:
Hello Adeyemi Olusola,Congratulations! Your vendor profile has been approved.You can now log in and start adding products.
========================================

========================================
[EMAIL SENT]
Timestamp: 2026-06-17T09:15:41.877Z
To: olusolaadeyemi8@gmail.com
Subject: Verify Your FlowMart Account
Body:
Hello Adeyemi Olusola,

Your 6-digit verification code is: 158762

This code will expire in 1 hour.

Best regards,
The FlowMart Team
========================================

========================================
[EMAIL SENT]
Timestamp: 2026-06-17T09:34:11.226Z
To: olusolaadeyemi8@gmail.com
Subject: Your FlowMart Vendor Application is Approved!
Body:
Hello Adeyemi Olusola,Congratulations! Your vendor profile has been approved.You can now log in and start adding products.
========================================

========================================
[EMAIL SENT]
Timestamp: 2026-06-17T10:30:55.282Z
To: martha@email.com
Subject: Welcome to FlowMart Admin Portal
Body:
Hello Olalekan Martha,

An account has been created for you with the role camp_logistics_coordinator.

Your temporary password is: password123

You will be required to change your password upon your first login.
========================================
